
    ***********************************************************************
                     Manipulate topology for polymers
              ----------------------------------------------

                                Version 0.1

                              Dr. Javier Ramos
                      Macromolecular Physics Department
                Instituto de Estructura de la Materia (IEM-CSIC)
                               Madrid (Spain)

        Topology is an open-source python library to quickly modify topology 
        of polymer molecules

        This software is distributed under the terms of the
        GNU General Public License v3.0 (GNU GPLv3). A copy of
        the license (LICENSE.txt) is included with this distribution.

    ***********************************************************************
        
		****** LABELLING PDB file (23-11-2023 15:50:27) ****** 
		 PDB file:  confout_unwrp.pdb

			 Start Guessing bonds using MDAnalysis library. (23-11-2023 15:50:27)
			 End Guessing bonds using MDAnalysis library. (23-11-2023 15:50:27)

			 Start Loop over atoms. (23-11-2023 15:50:27)
			 End Loop over atoms. (23-11-2023 15:50:27)

			 Start Creating topology. (23-11-2023 15:50:27)
			 End Creating topology. (23-11-2023 15:50:27)

		Job  Done at 23-11-2023 15:50:27 ============

		Total time: 0.41 seconds
