
		 Starting installation!!!! at 30/11/2023 12:03:41

		Python version 3.10

		 ============== SYS PATH ==============
/home/jramos/Programacion/GITHUB_REPO_DIR/topology
/usr/lib/python310.zip
/usr/lib/python3.10
/usr/lib/python3.10/lib-dynload
/home/jramos/Programacion/sandboxes/sandbox_common/lib/python3.10/site-packages
/home/jramos/Programacion/sandboxes/sandbox_common/lib/python3.10/site-packages/topology-1.0.0-py3.10-linux-x86_64.egg
/home/jramos/Programacion/sandboxes/sandbox_common/lib/python3.10/site-packages/replicate_polymer-0.0.0-py3.10-linux-x86_64.egg
/home/jramos/Programacion/sandboxes/sandbox_common/lib/python3.10/site-packages/polyanagro-1.1-py3.10-linux-x86_64.egg

		 ============== INSTALLING PIP PACKAGES ==============

30/11/2023 12:03:42: ** TOPOLOGY: Installing GitPython==3.1.1
30/11/2023 12:03:43: ** TOPOLOGY: Installing cython==0.29.24
30/11/2023 12:03:44: ** TOPOLOGY: Installing numpy==1.21.3
30/11/2023 12:03:46: ** TOPOLOGY: Installing periodictable==1.6.0
30/11/2023 12:03:47: ** TOPOLOGY: Installing pygraphviz==1.7
30/11/2023 12:03:49: ** TOPOLOGY: Installing networkx==2.6.3
30/11/2023 12:03:50: ** TOPOLOGY: Installing matplotlib==3.4.3
30/11/2023 12:03:51: ** TOPOLOGY: Installing MDAnalysis==2.2.0
30/11/2023 12:03:52: ** TOPOLOGY: Installing psutil==5.8.0
30/11/2023 12:03:54: ** TOPOLOGY: Installing rdkit-pypi
30/11/2023 12:03:55: ** TOPOLOGY: Installing Sphinx==4.3.0
30/11/2023 12:03:56: ** TOPOLOGY: Installing scipy==1.7.2
30/11/2023 12:03:58: ** TOPOLOGY: Installing mock

		 ============== COMPILING & INSTALLING INDIGO-BONDORDER PACKAGE ==============

30/11/2023 12:03:58: ** TOPOLOGY: indigo-bondorder is already installed in your system. https://github.com/allison-group/indigo-bondorder.git

30/11/2023 12:03:58: ** TOPOLOGY: indigo-bondorder is correctly imported. https://github.com/allison-group/indigo-bondorder.git

		 ============== COMPILING & INSTALLING EIGEN PACKAGE ==============


30/11/2023 12:03:58: ** TOPOLOGY: eigen_library seems to be already compiled in your system. thirdparty/eigen-3.3.9/eigen_library/include

		 ============== COMPILING & INSTALLING OPENBABEL PACKAGE ==============


30/11/2023 12:03:58: ** TOPOLOGY: openbabel is already installed in your system. /home/jramos/Programacion/GITHUB_REPO_DIR/topology/thirdparty/openbabel

		 ============== RUNNING SETUP FROM SETUPTOOLS 30/11/2023 12:03:59 ==============



		 ******************* SUMMARY *******************
		 Pip packages in requirements.txt file have been succesfully imported.
		 Indigox has been succesfully imported.
		 Openbabel has been succesfully imported.
		 Openbabel has been installed in /home/jramos/.local/openbabel.
		 Topology has been succesfully imported.
		 ******************* SUMMARY *******************

		 Installation Done!!!! at 30/11/2023 12:04:00


