
    ***********************************************************************
                     Manipulate topology for polymers
              ----------------------------------------------

                                Version None

                              Dr. Javier Ramos
                      Macromolecular Physics Department
                Instituto de Estructura de la Materia (IEM-CSIC)
                               Madrid (Spain)

        Topology is an open-source python library to quickly modify topology 
        of polymer molecules

        This software is distributed under the terms of the
        GNU General Public License v3.0 (GNU GPLv3). A copy of
        the license (LICENSE.txt) is included with this distribution.

    ***********************************************************************
        

		Command line: 
			python topology_cmd -i 03-Triple_Helix_3M_1CMC.pdb -r headtail.dat -a residues.dat -p 03-Triple_Helix_3M_1CMC
			         or
			topology_cmd  -i 03-Triple_Helix_3M_1CMC.pdb -r headtail.dat -a residues.dat -p 03-Triple_Helix_3M_1CMC

		Starting: 	 20-08-2024 20:30:15

		Input is a PDB format.
		Reading... (20-08-2024 20:30:15)

			 Start Loop over atoms. (20-08-2024 20:30:15)
			 End Loop over atoms. (20-08-2024 20:30:15)

			 Start Creating topology. (20-08-2024 20:30:15)
			 End Creating topology. (20-08-2024 20:30:15)
		End read   (20-08-2024 20:30:15)

		****** WRITE PDB and PSF files (20-08-2024 20:30:15) ****** 
		 Writing PDB file...03-Triple_Helix_3M_1CMC.pdb (20-08-2024 20:30:15)
		 CONECT table has been written.
		****** END WRITE PDB and PSF files (20-08-2024 20:30:15) ****** 

		****** RENUMBERING AND ASSIGN RESIDUES PDB and PSF files (20-08-2024 20:30:15) ****** 
		 Renumbering PDB file... 03-Triple_Helix_3M_1CMC.pdb (20-08-2024 20:30:15)

			 Start Loop over atoms. (20-08-2024 20:30:15)
			 End Loop over atoms. (20-08-2024 20:30:15)

			 Start Creating topology. (20-08-2024 20:30:15)
			 End Creating topology. (20-08-2024 20:30:15)
		 Head-Tail info from ... headtail.dat (20-08-2024 20:30:15)
		 Write renumbered file ... 03-Triple_Helix_3M_1CMC_residues.pdb (20-08-2024 20:30:15)
		 Writing PSF file...03-Triple_Helix_3M_1CMC_residues.psf (20-08-2024 20:30:15)

		****** END RENUMBERING PDB and PSF files (20-08-2024 20:30:15) ****** 

		****** SUMMARY (20-08-2024 20:30:15) ****** 
		 PDB file: 03-Triple_Helix_3M_1CMC_residues.pdb
		 GRO file: 03-Triple_Helix_3M_1CMC_residues.gro
		 PSF file: 03-Triple_Helix_3M_1CMC_residues.psf
		****** END SUMMARY (20-08-2024 20:30:15) ****** 

		Summarize of the input system (20-08-2024 20:30:15)
		=======================================================
		Input file                  : /home/jramos/Programacion/GITHUB_REPO_DIR/topology/examples/47-typing_carb_triplehelix_1CMC/01-TOPOLOGY/03-Triple_Helix_3M_1CMC.pdb
		CONECT table input file     : True
		Head info file              : headtail.dat
		Residue info file           : residues.dat
		
		Number of molecules         : 3
		Number of residues          : 1
		Number of atoms             : 204
		Number of bonds             : 211
		Bond info available         : True
		Simulation box dimension    : 0.0000 0.0000 0.0000 nm
		Simulation box angles       : 0.00 0.00 0.00 degrees
		
		Output raw pdb file         : 03-Triple_Helix_3M_1CMC.pdb
		CONECT table output pdb file: True
		=======================================================



		Job  Done at 20-08-2024 20:30:15 ============
		Total time: 0.19 seconds
