
    ***********************************************************************
                     Manipulate topology for polymers
              ----------------------------------------------

                                Version 0.1

                              Dr. Javier Ramos
                      Macromolecular Physics Department
                Instituto de Estructura de la Materia (IEM-CSIC)
                               Madrid (Spain)

        Topology is an open-source python library to quickly modify topology 
        of polymer molecules

        This software is distributed under the terms of the
        GNU General Public License v3.0 (GNU GPLv3). A copy of
        the license (LICENSE.txt) is included with this distribution.

    ***********************************************************************
        
		****** LABELLING PDB file (23-11-2023 19:10:41) ****** 
		 PDB file:  PE300_04br04_0000.pdb


			 Start Loop over atoms. (23-11-2023 19:10:41)
			 End Loop over atoms. (23-11-2023 19:10:41)

			 Start Creating topology. (23-11-2023 19:10:41)
			 End Creating topology. (23-11-2023 19:10:41)

			 Start Loop over atoms. (23-11-2023 19:10:41)
			 End Loop over atoms. (23-11-2023 19:10:41)

			 Start Creating topology. (23-11-2023 19:10:41)
			 End Creating topology. (23-11-2023 19:10:41)

		Job  Done at 23-11-2023 19:10:41 ============

		Total time: 0.62 seconds
