
    ***********************************************************************
                     Manipulate topology for polymers
              ----------------------------------------------

                                Version 1.0

                              Dr. Javier Ramos
                      Macromolecular Physics Department
                Instituto de Estructura de la Materia (IEM-CSIC)
                               Madrid (Spain)

        Topology is an open-source python library to quickly modify topology 
        of polymer molecules

        This software is distributed under the terms of the
        GNU General Public License v3.0 (GNU GPLv3). A copy of
        the license (LICENSE.txt) is included with this distribution.

    ***********************************************************************
        

		Command line: 
			python topology_cmd -i PE-iPP_2.pdb
			         or
			topology_cmd -i PE-iPP_2.pdb

		Starting: 	 29-08-2023 14:45:45

		Input is a PDB format.
		Reading... (29-08-2023 14:45:45)
		End read   (29-08-2023 15:08:27)

		Summarize of the input system (29-08-2023 15:08:27)
		=======================================================
		Input file                : /home/jramos/Programacion/GITHUB_REPO_DIR/topology/examples/39-PE-iPP-CGARCIA/PE-iPP_2.pdb
		Number of molecules       : 720
		Number of residues        : 720
		Number of atoms           : 183960
		Number of bonds           : 183240
		Bond info available       : True
		Simulation box dimension  : 0.0000 0.0000 0.0000 nm
		Simulation box angles     : 0.00 0.00 0.00 degrees
		=======================================================

		****** WRITE PDB and PSF files (29-08-2023 15:08:27) ****** 
		 Writing PDB file...topology.pdb (29-08-2023 15:08:27)
		 CONECT table has NOT been written (natoms > 99999).
		 Writing PSF file...topology.psf (29-08-2023 15:08:28)

		****** END WRITE PDB and PSF files (29-08-2023 15:21:11) ****** 

		****** SUMMARY (29-08-2023 15:21:11) ****** 
		 PDB file: topology.pdb
		****** END SUMMARY (29-08-2023 15:21:11) ****** 

		Job  Done at 29-08-2023 15:21:11 ============

		Total time: 2125.64 seconds
