
    ***********************************************************************
                     Typing carbohydrates to run MD
              ----------------------------------------------

                                Version 1.1

                              Dr. Javier Ramos
                      Macromolecular Physics Department
                Instituto de Estructura de la Materia (IEM-CSIC)
                               Madrid (Spain)

        This program processes a PDB file containing a carbohydrate generated 
        by either CarbBuilder (https://people.cs.uct.ac.za/~mkuttel/Downloads.html) 
        or DoGlycans (https://bitbucket.org/biophys-uh/doglycans/src/main/). 
        It attempts to type the molecule using the CHARMM36 force field for sugars.

        This software is distributed under the terms of the
        GNU General Public License v3.0 (GNU GPLv3). A copy of
        the license (LICENSE.txt) is included with this distribution.

    ***********************************************************************
        
		Starting: 	 22-08-2024 11:41:17


		Command line: 
			python typing_carb_cmd.py -p 03-Triple_Helix_3M_edit.pdb
			         or
			typing_carb_cmd.py  -p 03-Triple_Helix_3M_edit.pdb

		 Some bonded terms related with the methylcarboxilic group have been added to ffbonded.itp file by similarity.
		 Urey-Bradley: CC202-CC321-OC301 (Cm2-Cm1-O6) similar to CC202-CC311-OC301

		 ****** PDB INFO ******
		Filename                    : 03-Triple_Helix_3M_edit.pdb
		Number of atoms             : 198
		Number of residues          : 9
		Number of bonds             : 204
		Length box dimensions (Ang) : 15.062000274658203 14.557999610900879 10.805000305175781
		Angle  box dimensions (ยบ)   : 90.0 90.0 90.0

		Job  Done at 22-08-2024 11:41:18 ============
		Total time: 0.73 seconds
