
    ***********************************************************************
                     Manipulate topology for polymers
              ----------------------------------------------

                                Version None

                              Dr. Javier Ramos
                      Macromolecular Physics Department
                Instituto de Estructura de la Materia (IEM-CSIC)
                               Madrid (Spain)

        Topology is an open-source python library to quickly modify topology 
        of polymer molecules

        This software is distributed under the terms of the
        GNU General Public License v3.0 (GNU GPLv3). A copy of
        the license (LICENSE.txt) is included with this distribution.

    ***********************************************************************
        

		Command line: 
			python topology_cmd -i 03-TripleHelix_12M_O6ion_connect.pdb -r headtail.dat -a residues.dat -p 03-TripleHelix_12M_O6ion_connect_topo
			         or
			topology_cmd  -i 03-TripleHelix_12M_O6ion_connect.pdb -r headtail.dat -a residues.dat -p 03-TripleHelix_12M_O6ion_connect_topo

		Starting: 	 12-09-2024 21:16:10

		Input is a PDB format.
		Reading... (12-09-2024 21:16:10)

			 Start Loop over atoms. (12-09-2024 21:16:10)
			 End Loop over atoms. (12-09-2024 21:16:10)

			 Start Creating topology. (12-09-2024 21:16:10)
			 End Creating topology. (12-09-2024 21:16:10)
		End read   (12-09-2024 21:16:10)

		****** WRITE PDB and PSF files (12-09-2024 21:16:10) ****** 
		 Writing PDB file...03-TripleHelix_12M_O6ion_connect_topo.pdb (12-09-2024 21:16:10)
		 CONECT table has been written.
		****** END WRITE PDB and PSF files (12-09-2024 21:16:10) ****** 

		****** RENUMBERING AND ASSIGN RESIDUES PDB and PSF files (12-09-2024 21:16:10) ****** 
		 Renumbering PDB file... 03-TripleHelix_12M_O6ion_connect_topo.pdb (12-09-2024 21:16:10)

			 Start Loop over atoms. (12-09-2024 21:16:10)
			 End Loop over atoms. (12-09-2024 21:16:10)

			 Start Creating topology. (12-09-2024 21:16:10)
			 End Creating topology. (12-09-2024 21:16:10)
		 Head-Tail info from ... headtail.dat (12-09-2024 21:16:10)
		 Write renumbered file ... 03-TripleHelix_12M_O6ion_connect_topo_residues.pdb (12-09-2024 21:16:10)
		 Writing PSF file...03-TripleHelix_12M_O6ion_connect_topo_residues.psf (12-09-2024 21:16:10)

		****** END RENUMBERING PDB and PSF files (12-09-2024 21:16:10) ****** 

		****** SUMMARY (12-09-2024 21:16:10) ****** 
		 PDB file: 03-TripleHelix_12M_O6ion_connect_topo_residues.pdb
		 GRO file: 03-TripleHelix_12M_O6ion_connect_topo_residues.gro
		 PSF file: 03-TripleHelix_12M_O6ion_connect_topo_residues.psf
		****** END SUMMARY (12-09-2024 21:16:10) ****** 

		Summarize of the input system (12-09-2024 21:16:10)
		=======================================================
		Input file                  : /home/jramos/Programacion/GITHUB_REPO_DIR/topology/examples/48-typing_carb_triplehelix_ionize/01-TOPOLOGY/03-TripleHelix_12M_O6ion_connect.pdb
		CONECT table input file     : True
		Head info file              : headtail.dat
		Residue info file           : residues.dat
		
		Number of molecules         : 3
		Number of residues          : 1
		Number of atoms             : 729
		Number of bonds             : 762
		Bond info available         : True
		Simulation box dimension    : 0.0000 0.0000 0.0000 nm
		Simulation box angles       : 0.00 0.00 0.00 degrees
		
		Output raw pdb file         : 03-TripleHelix_12M_O6ion_connect_topo.pdb
		CONECT table output pdb file: True
		=======================================================



		Job  Done at 12-09-2024 21:16:10 ============
		Total time: 0.63 seconds
