
    ***********************************************************************
                     Manipulate topology for polymers
              ----------------------------------------------

                                Version None

                              Dr. Javier Ramos
                      Macromolecular Physics Department
                Instituto de Estructura de la Materia (IEM-CSIC)
                               Madrid (Spain)

        Topology is an open-source python library to quickly modify topology 
        of polymer molecules

        This software is distributed under the terms of the
        GNU General Public License v3.0 (GNU GPLv3). A copy of
        the license (LICENSE.txt) is included with this distribution.

    ***********************************************************************
        

		Command line: 
			python topology_cmd -i 20230731170003_PE-iPP.pdb
			         or
			topology_cmd  -i 20230731170003_PE-iPP.pdb

		Starting: 	 26-11-2025 22:28:41

		Input is a PDB format.
		Reading... (26-11-2025 22:28:41)
			 Start Guessing bonds using MDAnalysis library. (26-11-2025 22:28:42)
			 End Guessing bonds using MDAnalysis library. (26-11-2025 22:30:20)

			 Start Loop over atoms. (26-11-2025 22:30:21)
			 End Loop over atoms. (26-11-2025 22:30:22)

			 Start Creating topology. (26-11-2025 22:30:25)
			 End Creating topology. (26-11-2025 22:38:16)
