
    ***********************************************************************
                     Manipulate topology for polymers
              ----------------------------------------------

                                Version 1.1

                              Dr. Javier Ramos
                      Macromolecular Physics Department
                Instituto de Estructura de la Materia (IEM-CSIC)
                               Madrid (Spain)

        Topology is an open-source python library to quickly modify topology 
        of polymer molecules

        This software is distributed under the terms of the
        GNU General Public License v3.0 (GNU GPLv3). A copy of
        the license (LICENSE.txt) is included with this distribution.

    ***********************************************************************
        

		Command line: 
			python topology_cmd.py -i 04-NPT_500K250ps.xsd -p PEiPP_film_252mon_40-27Ch -r PEiPP_film_252mon_40-27Ch_headtail.dat -a PEiPP_film_252mon_40-27Ch_residues.dat
			         or
			topology_cmd -i 04-NPT_500K250ps.xsd -p PEiPP_film_252mon_40-27Ch -r PEiPP_film_252mon_40-27Ch_headtail.dat -a PEiPP_film_252mon_40-27Ch_residues.dat

		Starting: 	 17-11-2022 18:33:01

		Input is a XSD format.
		Reading... (17-11-2022 18:33:01)
		End read   (17-11-2022 18:36:20)

		Summarize of the input system (17-11-2022 18:36:20)
		=======================================================
		Input file                : /home/jramos/Programacion/GITHUB_REPO_DIR/topology/examples/18-PE-iPP_252m_40-27Ch/04-NPT_500K250ps.xsd
		Number of molecules       : 67
		Number of residues        : 16911
		Number of atoms           : 121931
		Number of bonds           : 121864
		Bond info available       : True
		Simulation box dimension  : 5.5398 5.5398 41.3110 nm
		Simulation box angles     : 90.00 90.00 90.00 degrees
		=======================================================

		****** WRITE PDB and PSF files (17-11-2022 18:36:20) ****** 
		 Writing PDB file...PEiPP_film_252mon_40-27Ch.pdb (17-11-2022 18:36:20)
		 CONECT table has NOT been written (natoms > 99999).
		 Writing PSF file...PEiPP_film_252mon_40-27Ch.psf (17-11-2022 18:36:21)

		****** END WRITE PDB and PSF files (17-11-2022 18:42:36) ****** 

		****** RENUMBERING AND ASSIGN RESIDUES PDB and PSF files (17-11-2022 18:42:36) ****** 
		 Renumbering PDB file... PEiPP_film_252mon_40-27Ch.pdb (17-11-2022 18:42:36)
		 Head-Tail info from ... PEiPP_film_252mon_40-27Ch_headtail.dat (17-11-2022 18:48:39)
		 Write renumbered file ... PEiPP_film_252mon_40-27Ch_residues.pdb (17-11-2022 18:48:39)
		 Writing PSF file...PEiPP_film_252mon_40-27Ch_residues.psf (17-11-2022 18:50:51)

		****** END RENUMBERING PDB and PSF files (17-11-2022 18:57:10) ****** 

		****** SUMMARY (17-11-2022 18:57:10) ****** 
		 PDB file: PEiPP_film_252mon_40-27Ch_residues.pdb
		 GRO file: PEiPP_film_252mon_40-27Ch_residues.gro
		 PSF file: PEiPP_film_252mon_40-27Ch_residues.psf
		****** END SUMMARY (17-11-2022 18:57:10) ****** 

		Job  Done at 17-11-2022 18:57:10 ============

		Total time: 1448.95 seconds
