
    ***********************************************************************
                     Manipulate topology for polymers
              ----------------------------------------------

                                Version 0.1

                              Dr. Javier Ramos
                      Macromolecular Physics Department
                Instituto de Estructura de la Materia (IEM-CSIC)
                               Madrid (Spain)

        Topology is an open-source python library to quickly modify topology 
        of polymer molecules

        This software is distributed under the terms of the
        GNU General Public License v3.0 (GNU GPLv3). A copy of
        the license (LICENSE.txt) is included with this distribution.

    ***********************************************************************
        

		Command line: 
			python label_pdb_withoutrenumber_cmd.py -p confout_unwrp.pdb --headfile headtail.dat
			         or
			label_pdb_withoutrenumber_cmd.py  -p confout_unwrp.pdb --headfile headtail.dat

		****** LABELLING PDB file (05-05-2025 13:11:07) ****** 
		 PDB file:  confout_unwrp.pdb

			 Start Guessing bonds using MDAnalysis library. (05-05-2025 13:11:07)
			 End Guessing bonds using MDAnalysis library. (05-05-2025 13:11:08)

			 Start Loop over atoms. (05-05-2025 13:11:08)
			 End Loop over atoms. (05-05-2025 13:11:08)

			 Start Creating topology. (05-05-2025 13:11:08)
