
    ***********************************************************************
                     Typing carbohydrates to run MD
              ----------------------------------------------

                                Version 1.1

                              Dr. Javier Ramos
                      Macromolecular Physics Department
                Instituto de Estructura de la Materia (IEM-CSIC)
                               Madrid (Spain)

        This program processes a set of PDB files, typically generated 
        by Materials Studio, representing a molecular trajectory and 
        converts them into GRO and XTC formats compatible with GROMACS.

        This software is distributed under the terms of the
        GNU General Public License v3.0 (GNU GPLv3). A copy of
        the license (LICENSE.txt) is included with this distribution.

    ***********************************************************************
        
		Starting: 	 15-10-2024 17:05:34

		Using 8 processors 


		Command line: 
			python multiplePDBs_to_XTC_parallel.py -d ./01-PDBs -r headtail.dat -n 8 -a residues.dat
			         or
			multiplePDBs_to_XTC_parallel.py  -d ./01-PDBs -r headtail.dat -n 8 -a residues.dat


		****** CHECK FOR TER AND CONECT LABELS (15-10-2024 17:05:34) ****** 


		****** CHECK FOR TER AND CONECT LABELS (15-10-2024 17:05:34) ****** 

		****** END CHECK FOR TER AND CONECT LABELS (15-10-2024 17:06:57) ****** 

		****** RENUMBER ALL PDB FILES (15-10-2024 17:06:57) ****** 

		****** END RENUMBER ALL PDB FILES (15-10-2024 17:10:13) ****** 

		****** APPEND ALL PDB FILES (15-10-2024 17:10:13) ****** 

		****** END APPEND ALL PDB FILES (15-10-2024 17:10:13) ****** 

		****** CLEAR FILES (15-10-2024 17:10:14) ****** 

		****** END CLEAR FILES (15-10-2024 17:10:14) ****** 


		Job  Done at 15-10-2024 17:10:14 ============
		Total time: 279.98 seconds
