
    ***********************************************************************
                  Typing small molecules to run MD and MC
              ----------------------------------------------

                                Version 1.1

                              Dr. Javier Ramos
                      Macromolecular Physics Department
                Instituto de Estructura de la Materia (IEM-CSIC)
                               Madrid (Spain)

        This program processes a set of PDB files, typically generated 
        by Materials Studio, representing a molecular trajectory and 
        converts them into GRO and XTC formats compatible with GROMACS.

        This software is distributed under the terms of the
        GNU General Public License v3.0 (GNU GPLv3). A copy of
        the license (LICENSE.txt) is included with this distribution.

    ***********************************************************************
    
    The PDB file must contain the atom type in the atom name field and 
    the residue name in the residue name field. Once the PDB has been generated, 
    it must be properly formatted to ensure compatibility. 
    In particular, each atom type must match a valid atom type 
    defined in the force field being used.
    It is essential to verify that the file is correctly formatted prior to use.
    
        
		Starting: 	 18-09-2025 18:03:36


		Command line: 
			python typing_gases_to_VLE_cmd.py -p C6H5Cl.pdb -f OPLSAA -c C6H5Cl_opls.dat --improper improper.ndx
			         or
			typing_gases_to_VLE_cmd.py  -p C6H5Cl.pdb -f OPLSAA -c C6H5Cl_opls.dat --improper improper.ndx

		 Writting C6H5Cl.gro

		 Writting C6H5Cl_min.mdp
		 Writting ff_oplsaa.itp

		 Name of the molecule   1: C6H11Cl
		 Writting C6H11Cl.itp
		 Writting ff_oplsaa.itp

		 Writting C6H11Cl_template.def
	WARNING: 
		 Critical values are not provided for system C6H11Cl_template.def

		 Not Chiral centers 


		Job  Done at 18-09-2025 18:03:36 ============
		Total time: 0.04 seconds
