
    ***********************************************************************
                     Typing carbohydrates to run MD
              ----------------------------------------------

                                Version 1.1

                              Dr. Javier Ramos
                      Macromolecular Physics Department
                Instituto de Estructura de la Materia (IEM-CSIC)
                               Madrid (Spain)

        This program processes a PDB file containing a carbohydrate generated 
        by either CarbBuilder (https://people.cs.uct.ac.za/~mkuttel/Downloads.html) 
        or DoGlycans (https://bitbucket.org/biophys-uh/doglycans/src/main/). 
        It attempts to type the molecule using the CHARMM36 force field for sugars.

        This software is distributed under the terms of the
        GNU General Public License v3.0 (GNU GPLv3). A copy of
        the license (LICENSE.txt) is included with this distribution.

    ***********************************************************************
        
		 ****** PDB INFO ******
		Filename                    : Curdlan_36.pdb
		Number of atoms             : 765
		Number of residues          : 36
		Number of bonds             : 801
		Length box dimensions (Ang) : 100.0 100.0 100.0
		Angle  box dimensions (ยบ)   : 90.0 90.0 90.0
