
    ***********************************************************************
                     Typing carbohydrates to run MD
              ----------------------------------------------

                                Version 1.1

                              Dr. Javier Ramos
                      Macromolecular Physics Department
                Instituto de Estructura de la Materia (IEM-CSIC)
                               Madrid (Spain)

        This program processes a PDB file containing a carbohydrate generated 
        by either CarbBuilder (https://people.cs.uct.ac.za/~mkuttel/Downloads.html) 
        or DoGlycans (https://bitbucket.org/biophys-uh/doglycans/src/main/). 
        It attempts to type the molecule using the CHARMM36 force field for sugars.

        This software is distributed under the terms of the
        GNU General Public License v3.0 (GNU GPLv3). A copy of
        the license (LICENSE.txt) is included with this distribution.

    ***********************************************************************
        
		Starting: 	 12-09-2024 21:45:47


		Command line: 
			python typing_carb_cmd.py -p 03-TripleHelix_12M_O6ion_connect_topo_residues_edit.pdb
			         or
			typing_carb_cmd.py  -p 03-TripleHelix_12M_O6ion_connect_topo_residues_edit.pdb

		 Some bonded terms related with the methylcarboxilic group have been added to ffbonded.itp file by similarity.
		 Urey-Bradley: CC202-CC321-OC301 (Cm2-Cm1-O6) similar to CC202-CC311-OC301
		 Torsion     : CC3163-CC321-OC301-CC321 similar to  CC3163-CC321-OC301-CTL
 		 Torsion     : CC2O2-CC321-OC301-CC321  similar to  CC2O2-CC311-OC301-CC331
 		 Torsion     : OC301-CC321-CC2O2-OC2D2  similar to  OC301-CC301-CC2O2-OC2D2
 
		 ****** PDB INFO ******
		Filename                    : 03-TripleHelix_12M_O6ion_connect_topo_residues_edit.pdb
		Number of atoms             : 729
		Number of residues          : 36
		Number of bonds             : 762
		Length box dimensions (Ang) : 15.062000274658203 14.557999610900879 36.48699951171875
		Angle  box dimensions (ยบ)   : 90.0 90.0 90.0

		Job  Done at 12-09-2024 21:45:53 ============
		Total time: 5.07 seconds
