              :-) GROMACS - gmx mdrun, 2021.4-Ubuntu-2021.4-2 (-:

                            GROMACS is written by:
     Andrey Alekseenko              Emile Apol              Rossen Apostolov     
         Paul Bauer           Herman J.C. Berendsen           Par Bjelkmar       
       Christian Blau           Viacheslav Bolnykh             Kevin Boyd        
     Aldert van Buuren           Rudi van Drunen             Anton Feenstra      
    Gilles Gouaillardet             Alan Gray               Gerrit Groenhof      
       Anca Hamuraru            Vincent Hindriksen          M. Eric Irrgang      
      Aleksei Iupinov           Christoph Junghans             Joe Jordan        
    Dimitrios Karkoulis            Peter Kasson                Jiri Kraus        
      Carsten Kutzner              Per Larsson              Justin A. Lemkul     
       Viveca Lindahl            Magnus Lundborg             Erik Marklund       
        Pascal Merz             Pieter Meulenhoff            Teemu Murtola       
        Szilard Pall               Sander Pronk              Roland Schulz       
       Michael Shirts            Alexey Shvetsov             Alfons Sijbers      
       Peter Tieleman              Jon Vincent              Teemu Virolainen     
     Christian Wennberg            Maarten Wolf              Artem Zhmurov       
                           and the project leaders:
        Mark Abraham, Berk Hess, Erik Lindahl, and David van der Spoel

Copyright (c) 1991-2000, University of Groningen, The Netherlands.
Copyright (c) 2001-2019, The GROMACS development team at
Uppsala University, Stockholm University and
the Royal Institute of Technology, Sweden.
check out http://www.gromacs.org for more information.

GROMACS is free software; you can redistribute it and/or modify it
under the terms of the GNU Lesser General Public License
as published by the Free Software Foundation; either version 2.1
of the License, or (at your option) any later version.

GROMACS:      gmx mdrun, version 2021.4-Ubuntu-2021.4-2
Executable:   /usr/bin/gmx
Data prefix:  /usr
Working dir:  /home/jramos/Programacion/GITHUB_REPO_DIR/topology/examples/56-typing_gas_C3H5Cl4_several_res
Process ID:   79539
Command line:
  gmx mdrun

GROMACS version:    2021.4-Ubuntu-2021.4-2
Precision:          mixed
Memory model:       64 bit
MPI library:        thread_mpi
OpenMP support:     enabled (GMX_OPENMP_MAX_THREADS = 64)
GPU support:        disabled
SIMD instructions:  SSE4.1
FFT library:        fftw-3.3.8-sse2-avx
RDTSCP usage:       enabled
TNG support:        enabled
Hwloc support:      hwloc-2.5.0
Tracing support:    disabled
C compiler:         /usr/bin/cc GNU 11.2.0
C compiler flags:   -msse4.1 -Wno-missing-field-initializers -fexcess-precision=fast -funroll-all-loops -O3 -DNDEBUG
C++ compiler:       /usr/bin/c++ GNU 11.2.0
C++ compiler flags: -msse4.1 -Wno-missing-field-initializers -fexcess-precision=fast -funroll-all-loops -fopenmp -O3 -DNDEBUG


Running on 1 node with total 10 cores, 12 logical cores
Hardware detected:
  CPU info:
    Vendor: Intel
    Brand:  12th Gen Intel(R) Core(TM) i5-1235U
    Family: 6   Model: 154   Stepping: 4
    Features: aes apic avx avx2 clfsh cmov cx8 cx16 f16c fma htt intel lahf mmx msr nonstop_tsc pcid pclmuldq pdcm pdpe1gb popcnt pse rdrnd rdtscp sha sse2 sse3 sse4.1 sse4.2 ssse3 tdt x2apic
  Hardware topology: Full, with devices
    Sockets, cores, and logical processors:
      Socket  0: [   0   1] [   2   3] [   4] [   5] [   6] [   7] [   8] [   9] [  10] [  11]
    Numa nodes:
      Node  0 (67118542848 bytes mem):   0   1   2   3   4   5   6   7   8   9  10  11
      Latency:
               0
         0  1.00
    Caches:
      L1: 49152 bytes, linesize 64 bytes, assoc. 12, shared 2 ways
      L2: 1310720 bytes, linesize 64 bytes, assoc. 10, shared 2 ways
      L3: 12582912 bytes, linesize 64 bytes, assoc. 12, shared 12 ways
    PCI devices:
      0000:00:02.0  Id: 8086:46a8  Class: 0x0300  Numa: 0
      0000:01:00.0  Id: 144d:a80a  Class: 0x0108  Numa: 0
      0000:00:14.3  Id: 8086:51f0  Class: 0x0280  Numa: 0
      0000:00:17.0  Id: 8086:51d3  Class: 0x0106  Numa: 0
      0000:02:00.1  Id: 10ec:8168  Class: 0x0200  Numa: 0

Highest SIMD level supported by all nodes in run: AVX2_256
SIMD instructions selected at compile time:       SSE4.1
This program was compiled for different hardware than you are running on,
which could influence performance.

++++ PLEASE READ AND CITE THE FOLLOWING REFERENCE ++++
M. J. Abraham, T. Murtola, R. Schulz, S. Páll, J. C. Smith, B. Hess, E.
Lindahl
GROMACS: High performance molecular simulations through multi-level
parallelism from laptops to supercomputers
SoftwareX 1 (2015) pp. 19-25
-------- -------- --- Thank You --- -------- --------


++++ PLEASE READ AND CITE THE FOLLOWING REFERENCE ++++
S. Páll, M. J. Abraham, C. Kutzner, B. Hess, E. Lindahl
Tackling Exascale Software Challenges in Molecular Dynamics Simulations with
GROMACS
In S. Markidis & E. Laure (Eds.), Solving Software Challenges for Exascale 8759 (2015) pp. 3-27
-------- -------- --- Thank You --- -------- --------


++++ PLEASE READ AND CITE THE FOLLOWING REFERENCE ++++
S. Pronk, S. Páll, R. Schulz, P. Larsson, P. Bjelkmar, R. Apostolov, M. R.
Shirts, J. C. Smith, P. M. Kasson, D. van der Spoel, B. Hess, and E. Lindahl
GROMACS 4.5: a high-throughput and highly parallel open source molecular
simulation toolkit
Bioinformatics 29 (2013) pp. 845-54
-------- -------- --- Thank You --- -------- --------


++++ PLEASE READ AND CITE THE FOLLOWING REFERENCE ++++
B. Hess and C. Kutzner and D. van der Spoel and E. Lindahl
GROMACS 4: Algorithms for highly efficient, load-balanced, and scalable
molecular simulation
J. Chem. Theory Comput. 4 (2008) pp. 435-447
-------- -------- --- Thank You --- -------- --------


++++ PLEASE READ AND CITE THE FOLLOWING REFERENCE ++++
D. van der Spoel, E. Lindahl, B. Hess, G. Groenhof, A. E. Mark and H. J. C.
Berendsen
GROMACS: Fast, Flexible and Free
J. Comp. Chem. 26 (2005) pp. 1701-1719
-------- -------- --- Thank You --- -------- --------


++++ PLEASE READ AND CITE THE FOLLOWING REFERENCE ++++
E. Lindahl and B. Hess and D. van der Spoel
GROMACS 3.0: A package for molecular simulation and trajectory analysis
J. Mol. Mod. 7 (2001) pp. 306-317
-------- -------- --- Thank You --- -------- --------


++++ PLEASE READ AND CITE THE FOLLOWING REFERENCE ++++
H. J. C. Berendsen, D. van der Spoel and R. van Drunen
GROMACS: A message-passing parallel molecular dynamics implementation
Comp. Phys. Comm. 91 (1995) pp. 43-56
-------- -------- --- Thank You --- -------- --------

Input Parameters:
   integrator                     = steep
   tinit                          = 0
   dt                             = 0.001
   nsteps                         = 50000
   init-step                      = 0
   simulation-part                = 1
   mts                            = false
   comm-mode                      = Linear
   nstcomm                        = 100
   bd-fric                        = 0
   ld-seed                        = 2147479293
   emtol                          = 1000
   emstep                         = 0.01
   niter                          = 20
   fcstep                         = 0
   nstcgsteep                     = 1000
   nbfgscorr                      = 10
   rtpi                           = 0.05
   nstxout                        = 0
   nstvout                        = 0
   nstfout                        = 0
   nstlog                         = 1000
   nstcalcenergy                  = 100
   nstenergy                      = 1000
   nstxout-compressed             = 0
   compressed-x-precision         = 1000
   cutoff-scheme                  = Verlet
   nstlist                        = 40
   pbc                            = xyz
   periodic-molecules             = false
   verlet-buffer-tolerance        = 0.005
   rlist                          = 1.05
   coulombtype                    = PME
   coulomb-modifier               = Potential-shift
   rcoulomb-switch                = 0
   rcoulomb                       = 1
   epsilon-r                      = 1
   epsilon-rf                     = inf
   vdw-type                       = Cut-off
   vdw-modifier                   = Potential-shift
   rvdw-switch                    = 0
   rvdw                           = 1
   DispCorr                       = No
   table-extension                = 1
   fourierspacing                 = 0.12
   fourier-nx                     = 56
   fourier-ny                     = 56
   fourier-nz                     = 64
   pme-order                      = 4
   ewald-rtol                     = 1e-05
   ewald-rtol-lj                  = 0.001
   lj-pme-comb-rule               = Geometric
   ewald-geometry                 = 0
   epsilon-surface                = 0
   tcoupl                         = No
   nsttcouple                     = -1
   nh-chain-length                = 0
   print-nose-hoover-chain-variables = false
   pcoupl                         = No
   pcoupltype                     = Isotropic
   nstpcouple                     = -1
   tau-p                          = 1
   compressibility (3x3):
      compressibility[    0]={ 0.00000e+00,  0.00000e+00,  0.00000e+00}
      compressibility[    1]={ 0.00000e+00,  0.00000e+00,  0.00000e+00}
      compressibility[    2]={ 0.00000e+00,  0.00000e+00,  0.00000e+00}
   ref-p (3x3):
      ref-p[    0]={ 0.00000e+00,  0.00000e+00,  0.00000e+00}
      ref-p[    1]={ 0.00000e+00,  0.00000e+00,  0.00000e+00}
      ref-p[    2]={ 0.00000e+00,  0.00000e+00,  0.00000e+00}
   refcoord-scaling               = No
   posres-com (3):
      posres-com[0]= 0.00000e+00
      posres-com[1]= 0.00000e+00
      posres-com[2]= 0.00000e+00
   posres-comB (3):
      posres-comB[0]= 0.00000e+00
      posres-comB[1]= 0.00000e+00
      posres-comB[2]= 0.00000e+00
   QMMM                           = false
qm-opts:
   ngQM                           = 0
   constraint-algorithm           = Lincs
   continuation                   = false
   Shake-SOR                      = false
   shake-tol                      = 0.0001
   lincs-order                    = 4
   lincs-iter                     = 1
   lincs-warnangle                = 30
   nwall                          = 0
   wall-type                      = 9-3
   wall-r-linpot                  = -1
   wall-atomtype[0]               = -1
   wall-atomtype[1]               = -1
   wall-density[0]                = 0
   wall-density[1]                = 0
   wall-ewald-zfac                = 3
   pull                           = false
   awh                            = false
   rotation                       = false
   interactiveMD                  = false
   disre                          = No
   disre-weighting                = Conservative
   disre-mixed                    = false
   dr-fc                          = 1000
   dr-tau                         = 0
   nstdisreout                    = 100
   orire-fc                       = 0
   orire-tau                      = 0
   nstorireout                    = 100
   free-energy                    = no
   cos-acceleration               = 0
   deform (3x3):
      deform[    0]={ 0.00000e+00,  0.00000e+00,  0.00000e+00}
      deform[    1]={ 0.00000e+00,  0.00000e+00,  0.00000e+00}
      deform[    2]={ 0.00000e+00,  0.00000e+00,  0.00000e+00}
   simulated-tempering            = false
   swapcoords                     = no
   userint1                       = 0
   userint2                       = 0
   userint3                       = 0
   userint4                       = 0
   userreal1                      = 0
   userreal2                      = 0
   userreal3                      = 0
   userreal4                      = 0
   applied-forces:
     electric-field:
       x:
         E0                       = 0
         omega                    = 0
         t0                       = 0
         sigma                    = 0
       y:
         E0                       = 0
         omega                    = 0
         t0                       = 0
         sigma                    = 0
       z:
         E0                       = 0
         omega                    = 0
         t0                       = 0
         sigma                    = 0
     density-guided-simulation:
       active                     = false
       group                      = protein
       similarity-measure         = inner-product
       atom-spreading-weight      = unity
       force-constant             = 1e+09
       gaussian-transform-spreading-width = 0.2
       gaussian-transform-spreading-range-in-multiples-of-width = 4
       reference-density-filename = reference.mrc
       nst                        = 1
       normalize-densities        = true
       adaptive-force-scaling     = false
       adaptive-force-scaling-time-constant = 4
       shift-vector               = 
       transformation-matrix      = 
grpopts:
   nrdf:          60
   ref-t:           0
   tau-t:           0
annealing:          No
annealing-npoints:           0
   acc:	           0           0           0
   nfreeze:           N           N           N
   energygrp-flags[  0]: 0

Using 1 MPI thread
Using 12 OpenMP threads 

Pinning threads with an auto-selected logical core stride of 1
System total charge: 0.000
Will do PME sum in reciprocal space for electrostatic interactions.

++++ PLEASE READ AND CITE THE FOLLOWING REFERENCE ++++
U. Essmann, L. Perera, M. L. Berkowitz, T. Darden, H. Lee and L. G. Pedersen 
A smooth particle mesh Ewald method
J. Chem. Phys. 103 (1995) pp. 8577-8592
-------- -------- --- Thank You --- -------- --------

Using a Gaussian width (1/beta) of 0.320163 nm for Ewald
Potential shift: LJ r^-12: -1.000e+00 r^-6: -1.000e+00, Ewald -1.000e-05
Initialized non-bonded Ewald tables, spacing: 9.33e-04 size: 1073

Generated table with 1025 data points for 1-4 COUL.
Tabscale = 500 points/nm
Generated table with 1025 data points for 1-4 LJ6.
Tabscale = 500 points/nm
Generated table with 1025 data points for 1-4 LJ12.
Tabscale = 500 points/nm


Using SIMD 4x4 nonbonded short-range kernels

Using a 4x4 pair-list setup:
  updated every 40 steps, buffer 0.050 nm, rlist 1.050 nm

Using geometric Lennard-Jones combination rule
Removing pbc first time

Note that activating steepest-descent energy minimization via the integrator .mdp option and the command gmx mdrun may be available in a different form in a future version of GROMACS, e.g. gmx minimize and an .mdp option.
Initiating Steepest Descents
Started Steepest Descents on rank 0 Tue Sep 16 08:29:02 2025


Steepest Descents:
   Tolerance (Fmax)   =  1.00000e+03
   Number of steps    =        50000
           Step           Time
              0        0.00000

   Energies (kJ/mol)
           Bond          Angle Ryckaert-Bell.          LJ-14     Coulomb-14
    8.98874e+00    1.62371e+00    1.86503e-03    1.50734e+13    5.66930e+01
        LJ (SR)   Coulomb (SR)   Coul. recip.      Potential Pressure (bar)
    3.97922e+12   -3.55735e+01    4.24380e+00    1.90526e+13    3.82931e+12

           Step           Time
              1        1.00000

   Energies (kJ/mol)
           Bond          Angle Ryckaert-Bell.          LJ-14     Coulomb-14
    3.30482e+01    2.04844e+00    7.67352e-02    9.09569e+12    5.43819e+01
        LJ (SR)   Coulomb (SR)   Coul. recip.      Potential Pressure (bar)
    1.91464e+12   -3.44115e+01    4.22016e+00    1.10103e+13    2.21294e+12

           Step           Time
              2        2.00000

   Energies (kJ/mol)
           Bond          Angle Ryckaert-Bell.          LJ-14     Coulomb-14
    1.37550e+02    5.25615e+00    3.90844e-01    5.05978e+12    5.15773e+01
        LJ (SR)   Coulomb (SR)   Coul. recip.      Potential Pressure (bar)
    8.39213e+11   -3.31058e+01    4.22064e+00    5.89899e+12    1.18563e+12

           Step           Time
              3        3.00000

   Energies (kJ/mol)
           Bond          Angle Ryckaert-Bell.          LJ-14     Coulomb-14
    3.81924e+02    1.37304e+01    1.08912e+00    2.45654e+12    4.83264e+01
        LJ (SR)   Coulomb (SR)   Coul. recip.      Potential Pressure (bar)
    3.40965e+11   -3.16835e+01    4.28011e+00    2.79751e+12    5.62278e+11

           Step           Time
              4        4.00000

   Energies (kJ/mol)
           Bond          Angle Ryckaert-Bell.          LJ-14     Coulomb-14
    8.50961e+02    3.16915e+01    2.20198e+00    1.02792e+12    4.49497e+01
        LJ (SR)   Coulomb (SR)   Coul. recip.      Potential Pressure (bar)
    1.39650e+11   -3.02853e+01    4.43016e+00    1.16757e+12    2.34683e+11

           Step           Time
              5        5.00000

   Energies (kJ/mol)
           Bond          Angle Ryckaert-Bell.          LJ-14     Coulomb-14
    1.64341e+03    6.38283e+01    3.57745e+00    4.03798e+11    4.16865e+01
        LJ (SR)   Coulomb (SR)   Coul. recip.      Potential Pressure (bar)
    6.45297e+10   -2.90524e+01    4.65733e+00    4.68328e+11    9.41447e+10

           Step           Time
              6        6.00000

   Energies (kJ/mol)
           Bond          Angle Ryckaert-Bell.          LJ-14     Coulomb-14
    3.05885e+03    1.23535e+02    5.22356e+00    1.38486e+11    3.82500e+01
        LJ (SR)   Coulomb (SR)   Coul. recip.      Potential Pressure (bar)
    3.49954e+10   -2.79088e+01    5.01078e+00    1.73481e+11    3.48849e+10

           Step           Time
              7        7.00000

   Energies (kJ/mol)
           Bond          Angle Ryckaert-Bell.          LJ-14     Coulomb-14
    5.55780e+03    2.07553e+02    9.31059e+00    4.08893e+10    3.46882e+01
        LJ (SR)   Coulomb (SR)   Coul. recip.      Potential Pressure (bar)
    2.34990e+10   -2.69756e+01    5.60267e+00    6.43883e+10    1.29587e+10

           Step           Time
              8        8.00000

   Energies (kJ/mol)
           Bond          Angle Ryckaert-Bell.          LJ-14     Coulomb-14
    9.00396e+03    2.58476e+02    1.10037e+01    1.34896e+10    3.17862e+01
        LJ (SR)   Coulomb (SR)   Coul. recip.      Potential Pressure (bar)
    1.32448e+10   -2.65765e+01    6.49587e+00    2.67344e+10    5.39072e+09

           Step           Time
              9        9.00000

   Energies (kJ/mol)
           Bond          Angle Ryckaert-Bell.          LJ-14     Coulomb-14
    1.30912e+04    3.56062e+02    1.30100e+01    5.23524e+09    2.96828e+01
        LJ (SR)   Coulomb (SR)   Coul. recip.      Potential Pressure (bar)
    6.01253e+09   -2.66061e+01    7.61223e+00    1.12478e+10    2.27674e+09

           Step           Time
             10       10.00000

   Energies (kJ/mol)
           Bond          Angle Ryckaert-Bell.          LJ-14     Coulomb-14
    1.98482e+04    4.90625e+02    1.39376e+01    1.61865e+09    2.72668e+01
        LJ (SR)   Coulomb (SR)   Coul. recip.      Potential Pressure (bar)
    2.53636e+09   -2.68285e+01    9.20368e+00    4.15502e+09    8.50774e+08

           Step           Time
             11       11.00000

   Energies (kJ/mol)
           Bond          Angle Ryckaert-Bell.          LJ-14     Coulomb-14
    2.96435e+04    6.23457e+02    1.22642e+01    4.79630e+08    2.50685e+01
        LJ (SR)   Coulomb (SR)   Coul. recip.      Potential Pressure (bar)
    8.65619e+08   -2.72564e+01    1.11696e+01    1.34528e+09    2.84564e+08

           Step           Time
             12       12.00000

   Energies (kJ/mol)
           Bond          Angle Ryckaert-Bell.          LJ-14     Coulomb-14
    4.41201e+04    7.53514e+02    1.03659e+01    1.33888e+08    2.28196e+01
        LJ (SR)   Coulomb (SR)   Coul. recip.      Potential Pressure (bar)
    2.49622e+08   -2.82161e+01    1.36527e+01    3.83555e+08    8.99198e+07

           Step           Time
             13       13.00000

   Energies (kJ/mol)
           Bond          Angle Ryckaert-Bell.          LJ-14     Coulomb-14
    6.36175e+04    8.86303e+02    1.12319e+01    4.39754e+07    2.10657e+01
        LJ (SR)   Coulomb (SR)   Coul. recip.      Potential Pressure (bar)
    4.62488e+07   -2.66541e+01    1.63530e+01    9.02888e+07    2.33202e+07

           Step           Time
             14       14.00000

   Energies (kJ/mol)
           Bond          Angle Ryckaert-Bell.          LJ-14     Coulomb-14
    1.05223e+05    1.07465e+03    1.25101e+01    6.54309e+06    1.80139e+01
        LJ (SR)   Coulomb (SR)   Coul. recip.      Potential Pressure (bar)
    8.22848e+06   -2.62974e+01    2.19218e+01    1.48779e+07    3.92142e+06

           Step           Time
             15       15.00000

   Energies (kJ/mol)
           Bond          Angle Ryckaert-Bell.          LJ-14     Coulomb-14
    1.21757e+05    1.17210e+03    1.27477e+01    5.21516e+06    1.80425e+01
        LJ (SR)   Coulomb (SR)   Coul. recip.      Potential Pressure (bar)
    4.31678e+05   -3.49517e+01    2.24658e+01    5.76978e+06    1.39951e+06

           Step           Time
             16       16.00000

   Energies (kJ/mol)
           Bond          Angle Ryckaert-Bell.          LJ-14     Coulomb-14
    1.70152e+05    1.19836e+03    1.01421e+01    1.29830e+06    1.55638e+01
        LJ (SR)   Coulomb (SR)   Coul. recip.      Potential Pressure (bar)
    8.91497e+05   -3.29920e+01    2.74859e+01    2.36117e+06    7.34584e+05

           Step           Time
             17       17.00000

   Energies (kJ/mol)
           Bond          Angle Ryckaert-Bell.          LJ-14     Coulomb-14
    1.92604e+05    1.27031e+03    1.20700e+01    9.33035e+05    1.57705e+01
        LJ (SR)   Coulomb (SR)   Coul. recip.      Potential Pressure (bar)
    0.00000e+00   -3.33094e+01    2.79744e+01    1.12693e+06    1.79710e+05

           Step           Time
             18       18.00000

   Energies (kJ/mol)
           Bond          Angle Ryckaert-Bell.          LJ-14     Coulomb-14
    3.65806e+05    1.39266e+03    1.19163e+01    6.11757e+04    1.15774e+01
        LJ (SR)   Coulomb (SR)   Coul. recip.      Potential Pressure (bar)
    0.00000e+00   -3.38836e+01    3.68908e+01    4.28401e+05   -2.27638e+03

           Step           Time
             19       19.00000

   Energies (kJ/mol)
           Bond          Angle Ryckaert-Bell.          LJ-14     Coulomb-14
    1.72929e+05    1.04919e+03    1.19147e+01    8.74087e+04    1.24756e+01
        LJ (SR)   Coulomb (SR)   Coul. recip.      Potential Pressure (bar)
    3.85206e+04   -1.54385e+01    2.62260e+01    2.99943e+05    1.52166e+05

           Step           Time
             20       20.00000

           Step           Time
             21       21.00000

   Energies (kJ/mol)
           Bond          Angle Ryckaert-Bell.          LJ-14     Coulomb-14
    1.96158e+05    1.01990e+03    1.28233e+01    8.19615e+04    1.23906e+01
        LJ (SR)   Coulomb (SR)   Coul. recip.      Potential Pressure (bar)
    0.00000e+00   -1.99154e+01    2.69295e+01    2.79172e+05    8.28050e+03

           Step           Time
             22       22.00000

   Energies (kJ/mol)
           Bond          Angle Ryckaert-Bell.          LJ-14     Coulomb-14
    1.93186e+05    1.19858e+03    1.31807e+01    3.22080e+04    1.14444e+01
        LJ (SR)   Coulomb (SR)   Coul. recip.      Potential Pressure (bar)
    1.00300e+04   -2.33799e+01    2.60581e+01    2.36650e+05    3.81945e+04

           Step           Time
             23       23.00000

   Energies (kJ/mol)
           Bond          Angle Ryckaert-Bell.          LJ-14     Coulomb-14
    1.94863e+05    1.03958e+03    1.35911e+01    3.62101e+04    1.19399e+01
        LJ (SR)   Coulomb (SR)   Coul. recip.      Potential Pressure (bar)
    0.00000e+00   -2.27950e+01    2.55121e+01    2.32141e+05   -1.14025e+03

           Step           Time
             24       24.00000

           Step           Time
             25       25.00000

   Energies (kJ/mol)
           Bond          Angle Ryckaert-Bell.          LJ-14     Coulomb-14
    1.64913e+05    1.05105e+03    1.29967e+01    3.48771e+04    1.16283e+01
        LJ (SR)   Coulomb (SR)   Coul. recip.      Potential Pressure (bar)
    0.00000e+00   -2.19342e+01    2.39125e+01    2.00868e+05   -1.76011e+02

           Step           Time
             26       26.00000

           Step           Time
             27       27.00000

           Step           Time
             28       28.00000

   Energies (kJ/mol)
           Bond          Angle Ryckaert-Bell.          LJ-14     Coulomb-14
    1.57742e+05    1.07795e+03    1.36313e+01    3.41108e+04    1.15684e+01
        LJ (SR)   Coulomb (SR)   Coul. recip.      Potential Pressure (bar)
    0.00000e+00   -2.14940e+01    2.37332e+01    1.92958e+05   -8.43097e+01

           Step           Time
             29       29.00000

           Step           Time
             30       30.00000

           Step           Time
             31       31.00000

   Energies (kJ/mol)
           Bond          Angle Ryckaert-Bell.          LJ-14     Coulomb-14
    1.55671e+05    1.09490e+03    1.37413e+01    3.41534e+04    1.15168e+01
        LJ (SR)   Coulomb (SR)   Coul. recip.      Potential Pressure (bar)
    1.49953e+03   -2.16130e+01    2.38551e+01    1.92447e+05    3.83303e+04

           Step           Time
             32       32.00000

   Energies (kJ/mol)
           Bond          Angle Ryckaert-Bell.          LJ-14     Coulomb-14
    1.55739e+05    1.10369e+03    1.37415e+01    3.43479e+04    1.15479e+01
        LJ (SR)   Coulomb (SR)   Coul. recip.      Potential Pressure (bar)
    0.00000e+00   -2.14763e+01    2.37539e+01    1.91218e+05    4.10545e+01

           Step           Time
             33       33.00000

   Energies (kJ/mol)
           Bond          Angle Ryckaert-Bell.          LJ-14     Coulomb-14
    1.53251e+05    1.12939e+03    1.39731e+01    3.42185e+04    1.14632e+01
        LJ (SR)   Coulomb (SR)   Coul. recip.      Potential Pressure (bar)
    0.00000e+00   -2.41989e+01    2.39343e+01    1.88624e+05    1.06857e+02

           Step           Time
             34       34.00000

           Step           Time
             35       35.00000

   Energies (kJ/mol)
           Bond          Angle Ryckaert-Bell.          LJ-14     Coulomb-14
    1.51874e+05    1.14560e+03    1.40951e+01    3.41442e+04    1.14118e+01
        LJ (SR)   Coulomb (SR)   Coul. recip.      Potential Pressure (bar)
    0.00000e+00   -2.68105e+01    2.40174e+01    1.87187e+05    1.43475e+02

           Step           Time
             36       36.00000

           Step           Time
             37       37.00000

           Step           Time
             38       38.00000

   Energies (kJ/mol)
           Bond          Angle Ryckaert-Bell.          LJ-14     Coulomb-14
    1.51475e+05    1.15070e+03    1.41278e+01    3.41222e+04    1.13962e+01
        LJ (SR)   Coulomb (SR)   Coul. recip.      Potential Pressure (bar)
    0.00000e+00   -2.68263e+01    2.40410e+01    1.86771e+05    1.54093e+02

           Step           Time
             39       39.00000

           Step           Time
             40       40.00000

   Energies (kJ/mol)
           Bond          Angle Ryckaert-Bell.          LJ-14     Coulomb-14
    1.51239e+05    1.15381e+03    1.41467e+01    3.41092e+04    1.13869e+01
        LJ (SR)   Coulomb (SR)   Coul. recip.      Potential Pressure (bar)
    0.00000e+00   -2.93840e+01    2.40551e+01    1.86522e+05    1.60383e+02

           Step           Time
             41       41.00000

           Step           Time
             42       42.00000

           Step           Time
             43       43.00000

           Step           Time
             44       44.00000

   Energies (kJ/mol)
           Bond          Angle Ryckaert-Bell.          LJ-14     Coulomb-14
    1.51203e+05    1.15429e+03    1.41495e+01    3.41073e+04    1.13855e+01
        LJ (SR)   Coulomb (SR)   Coul. recip.      Potential Pressure (bar)
    0.00000e+00   -2.93852e+01    2.40573e+01    1.86485e+05    1.61332e+02

           Step           Time
             45       45.00000

           Step           Time
             46       46.00000

           Step           Time
             47       47.00000

           Step           Time
             48       48.00000

           Step           Time
             49       49.00000

   Energies (kJ/mol)
           Bond          Angle Ryckaert-Bell.          LJ-14     Coulomb-14
    1.51201e+05    1.15432e+03    1.41497e+01    3.41072e+04    1.13853e+01
        LJ (SR)   Coulomb (SR)   Coul. recip.      Potential Pressure (bar)
    0.00000e+00   -2.93853e+01    2.40575e+01    1.86483e+05    1.61408e+02

           Step           Time
             50       50.00000

           Step           Time
             51       51.00000

           Step           Time
             52       52.00000

           Step           Time
             53       53.00000

   Energies (kJ/mol)
           Bond          Angle Ryckaert-Bell.          LJ-14     Coulomb-14
    1.51200e+05    1.15433e+03    1.41497e+01    3.41071e+04    1.13853e+01
        LJ (SR)   Coulomb (SR)   Coul. recip.      Potential Pressure (bar)
    0.00000e+00   -2.93853e+01    2.40574e+01    1.86482e+05    1.61406e+02

           Step           Time
             54       54.00000

           Step           Time
             55       55.00000


Energy minimization has stopped, but the forces have not converged to the
requested precision Fmax < 1000 (which may not be possible for your system).
It stopped because the algorithm tried to make a new step whose size was too
small, or there was no change in the energy since last step. Either way, we
regard the minimization as converged to within the available machine
precision, given your starting configuration and EM parameters.

Double precision normally gives you higher accuracy, but this is often not
needed for preparing to run molecular dynamics.

Steepest Descents converged to machine precision in 56 steps,
but did not reach the requested Fmax < 1000.
Potential Energy  =  1.8648208e+05
Maximum force     =  3.7996926e+04 on atom 7
Norm of force     =  1.5147699e+04
Finished mdrun on rank 0 Tue Sep 16 08:29:02 2025

