
    ***********************************************************************
                     Manipulate topology for polymers
              ----------------------------------------------

                                Version 1.1

                              Dr. Javier Ramos
                      Macromolecular Physics Department
                Instituto de Estructura de la Materia (IEM-CSIC)
                               Madrid (Spain)

        Topology is an open-source python library to quickly modify topology 
        of polymer molecules

        This software is distributed under the terms of the
        GNU General Public License v3.0 (GNU GPLv3). A copy of
        the license (LICENSE.txt) is included with this distribution.

    ***********************************************************************
        

		Command line: 
			python topology_cmd.py -i /home/jramos/TestDPD_branch.xsd
			         or
			topology_cmd.py  -i /home/jramos/TestDPD_branch.xsd

		Starting: 	 02-07-2025 09:30:52

		Input is a XSD format.
		Reading... (02-07-2025 09:30:52)
		End read   (02-07-2025 09:30:52)

		****** WRITE PDB and PSF files (02-07-2025 09:30:52) ****** 
		 Writing PDB file...topology.pdb (02-07-2025 09:30:52)
